app/build/intermediates/manifest_merge_blame_file/debug/manifest-merger-blame-debug-report.txt
1<?xml version="1.0" encoding="utf-8"?>
2<!--
3  ~ Copyright 2019, The Android Open Source Project
4  ~ Licensed under the Apache License, Version 2.0 (the "License");
5  ~ you may not use this file except in compliance with the License.
6  ~ You may obtain a copy of the License at
7  ~      http://www.apache.org/licenses/LICENSE-2.0
8  ~ Unless required by applicable law or agreed to in writing, software
9  ~ distributed under the License is distributed on an "AS IS" BASIS,
10  ~ WITHOUT WARRANTIES OR CONDITIONS OF ANY KIND, either express or implied.
11  ~ See the License for the specific language governing permissions and
12  ~ limitations under the License.
13-->
14<manifest xmlns:android="http://schemas.android.com/apk/res/android"
15    package="com.example.android.dessertclicker"
16    android:versionCode="1"
17    android:versionName="1.0" >
18
19    <uses-sdk
20        android:minSdkVersion="19"
20-->src\main\AndroidManifest.xml
21        android:targetSdkVersion="30" />
21-->src\main\AndroidManifest.xml
22
23    <application
23-->src\main\AndroidManifest.xml:14:5-28:19
24        android:name="com.example.android.dessertclicker.ClickerApplication"
24-->src\main\AndroidManifest.xml:15:9-43
25        android:allowBackup="true"
25-->src\main\AndroidManifest.xml:16:9-35
26        android:appComponentFactory="androidx.core.app.CoreComponentFactory"
26-->[androidx.core:core:1.3.0] AndroidManifest.xml:24:18-86
27        android:debuggable="true"
28        android:icon="@mipmap/ic_dessert_clicker"
28-->src\main\AndroidManifest.xml:17:9-50
29        android:label="@string/app_name"
29-->src\main\AndroidManifest.xml:18:9-41
30        android:roundIcon="@mipmap/ic_dessert_clicker_round"
30-->src\main\AndroidManifest.xml:19:9-61
31        android:supportsRtl="true"
31-->src\main\AndroidManifest.xml:20:9-35
32        android:testOnly="true"
33        android:theme="@style/AppTheme" >
33-->src\main\AndroidManifest.xml:21:9-40
34        <activity android:name="com.example.android.dessertclicker.MainActivity" >
34-->src\main\AndroidManifest.xml:22:9-27:20
34-->src\main\AndroidManifest.xml:22:19-81
35            <intent-filter>
35-->src\main\AndroidManifest.xml:23:13-26:29
36                <action android:name="android.intent.action.MAIN" />
36-->src\main\AndroidManifest.xml:24:17-69
36-->src\main\AndroidManifest.xml:24:25-66
37
38                <category android:name="android.intent.category.LAUNCHER" />
38-->src\main\AndroidManifest.xml:25:17-77
38-->src\main\AndroidManifest.xml:25:27-74
39            </intent-filter>
40        </activity>
41    </application>
42
43</manifest>